name: run
run_id: commands[0]
env APPDATA: C:\Users\tanmo\AppData\Roaming
env COMSPEC: C:\WINDOWS\system32\cmd.exe
env HOME: C:\Users\tanmo
env MSYSTEM: MINGW64
env NUMBER_OF_PROCESSORS: 4
env PATHEXT: .COM;.EXE;.BAT;.CMD;.VBS;.VBE;.JS;.JSE;.WSF;.WSH;.MSC
env PKG_CONFIG_PATH: C:\Program Files\Git\mingw64\lib\pkgconfig;C:\Program Files\Git\mingw64\share\pkgconfig
env PROCESSOR_ARCHITECTURE: AMD64
env PROGRAMFILES: C:\Program Files
env PROGRAMDATA: C:\ProgramData
env PROGRAMFILES(X86): C:\Program Files (x86)
env SYSTEMDRIVE: C:
env SYSTEMROOT: C:\WINDOWS
env TEMP: C:\Users\tanmo\AppData\Local\Temp
env TMP: C:\Users\tanmo\AppData\Local\Temp
env USERPROFILE: C:\Users\tanmo
env WINDIR: C:\WINDOWS
env PATH: C:\Users\tanmo\Downloads\My_Projects_in_Github\house_prices_api\.tox\test_app\Scripts;C:\Users\tanmo\bin;C:\Program Files\Git\mingw64\bin;C:\Program Files\Git\usr\local\bin;C:\Program Files\Git\usr\bin;C:\WINDOWS\system32;C:\WINDOWS;C:\WINDOWS\System32\Wbem;C:\WINDOWS\System32\WindowsPowerShell\v1.0;C:\WINDOWS\System32\OpenSSH;C:\Program Files\Microsoft SQL Server\110\Tools\Binn;C:\Program Files (x86)\Microsoft SQL Server\160\Tools\Binn;C:\Program Files\Microsoft SQL Server\160\Tools\Binn;C:\Program Files\Microsoft SQL Server\Client SDK\ODBC\170\Tools\Binn;C:\Program Files\Microsoft SQL Server\160\DTS\Binn;C:\Program Files (x86)\Microsoft SQL Server\160\DTS\Binn;C:\Program Files\Azure Data Studio\bin;PS C;C:\Program Files\Git\Users\tanmo\OneDrive\Desktop\Python projects;C:\Program Files\HP\HP One Agent;C:\Program Files\Git\cmd;C:\Users\tanmo\AppData\Local\Programs\Python\Python39\Scripts;C:\Users\tanmo\AppData\Local\Programs\Python\Python39;C:\Users\tanmo\AppData\Local\Microsoft\WindowsApps;C:\Users\tanmo\AppData\Local\Programs\Python\Python312;C:\Users\tanmo\AppData\Local\Programs\Python\Python312\Scripts;C:\Users\tanmo\AppData\Local\Programs\Microsoft VS Code\bin;C:\Program Files\Git\usr\bin\vendor_perl;C:\Program Files\Git\usr\bin\core_perl
env PYTHONHASHSEED: 421
env PIP_DISABLE_PIP_VERSION_CHECK: 1
env PYTHONIOENCODING: utf-8
env PYTHONPATH: .
env TOX_ENV_NAME: run
env TOX_WORK_DIR: C:\Users\tanmo\Downloads\My_Projects_in_Github\house_prices_api\.tox
env TOX_ENV_DIR: C:\Users\tanmo\Downloads\My_Projects_in_Github\house_prices_api\.tox\test_app
env VIRTUAL_ENV: C:\Users\tanmo\Downloads\My_Projects_in_Github\house_prices_api\.tox\test_app
metadata pid: 7492
cwd: C:\Users\tanmo\Downloads\My_Projects_in_Github\house_prices_api
allow: C:\Users\tanmo\Downloads\My_Projects_in_Github\house_prices_api\.tox\test_app\Scripts\*
cmd: python app/main.py
exit_code: 3221225786
INFO:     ::1:56517 - "GET / HTTP/1.1" 200 OK
INFO:     ::1:56517 - "GET /favicon.ico HTTP/1.1" 404 Not Found
INFO:     ::1:56518 - "GET /docs HTTP/1.1" 200 OK
INFO:     ::1:56518 - "GET /api/v1/openapi.json HTTP/1.1" 200 OK
INFO:     ::1:56630 - "GET /api/v1/health HTTP/1.1" 200 OK
INFO:     ::1:56635 - "GET /docs HTTP/1.1" 200 OK
INFO:     ::1:56635 - "GET /api/v1/openapi.json HTTP/1.1" 200 OK
INFO:     ::1:56660 - "POST /api/v1/predict HTTP/1.1" 200 OK
INFO:     ::1:56679 - "POST /api/v1/predict HTTP/1.1" 200 OK
INFO:     ::1:56701 - "GET /docs HTTP/1.1" 200 OK
INFO:     ::1:56701 - "GET /api/v1/openapi.json HTTP/1.1" 200 OK
INFO:     ::1:56702 - "GET / HTTP/1.1" 200 OK

standard error:
C:\Users\tanmo\Downloads\My_Projects_in_Github\house_prices_api\.tox\test_app\lib\site-packages\sklearn\base.py:376: InconsistentVersionWarning: Trying to unpickle estimator Binarizer from version 1.2.0 when using version 1.5.2. This might lead to breaking code or invalid results. Use at your own risk. For more info please refer to:
https://scikit-learn.org/stable/model_persistence.html#security-maintainability-limitations
  warnings.warn(
C:\Users\tanmo\Downloads\My_Projects_in_Github\house_prices_api\.tox\test_app\lib\site-packages\sklearn\base.py:376: InconsistentVersionWarning: Trying to unpickle estimator MinMaxScaler from version 1.2.0 when using version 1.5.2. This might lead to breaking code or invalid results. Use at your own risk. For more info please refer to:
https://scikit-learn.org/stable/model_persistence.html#security-maintainability-limitations
  warnings.warn(
C:\Users\tanmo\Downloads\My_Projects_in_Github\house_prices_api\.tox\test_app\lib\site-packages\sklearn\base.py:376: InconsistentVersionWarning: Trying to unpickle estimator Lasso from version 1.2.0 when using version 1.5.2. This might lead to breaking code or invalid results. Use at your own risk. For more info please refer to:
https://scikit-learn.org/stable/model_persistence.html#security-maintainability-limitations
  warnings.warn(
C:\Users\tanmo\Downloads\My_Projects_in_Github\house_prices_api\.tox\test_app\lib\site-packages\sklearn\base.py:376: InconsistentVersionWarning: Trying to unpickle estimator Pipeline from version 1.2.0 when using version 1.5.2. This might lead to breaking code or invalid results. Use at your own risk. For more info please refer to:
https://scikit-learn.org/stable/model_persistence.html#security-maintainability-limitations
  warnings.warn(
2024-09-17 11:22:58.341 | WARNING  | __main__:<module>:55 - Running in development mode. Do not run like this in production.
INFO:     Started server process [18416]
INFO:     Waiting for application startup.
INFO:     Application startup complete.
INFO:     Uvicorn running on http://localhost:8001 (Press CTRL+C to quit)
2024-09-17 11:55:03.467 | INFO     | app.api:predict:40 - Making prediction on inputs: [HouseDataInputSchema(Alley=None, BedroomAbvGr=2, BldgType='1Fam', BsmtCond='TA', BsmtExposure='No', BsmtFinSF1=468.0, BsmtFinSF2=144.0, BsmtFinType1='Rec', BsmtFinType2='LwQ', BsmtFullBath=0.0, BsmtHalfBath=0.0, BsmtQual='TA', BsmtUnfSF=270.0, CentralAir='Y', Condition1='Feedr', Condition2='Norm', Electrical='SBrkr', EnclosedPorch=0, ExterCond='TA', ExterQual='TA', Exterior1st='VinylSd', Exterior2nd='VinylSd', Fence='MnPrv', FireplaceQu=None, Fireplaces=0, Foundation='CBlock', FullBath=1, Functional='Typ', GarageArea=730.0, GarageCars=1.0, GarageCond='TA', GarageFinish='Unf', GarageQual='TA', GarageType='Attchd', GarageYrBlt=1961.0, GrLivArea=896, HalfBath=0, Heating='GasA', HeatingQC='TA', HouseStyle='1Story', Id=None, KitchenAbvGr=1, KitchenQual='TA', LandContour='Lvl', LandSlope='Gtl', LotArea=11622, LotConfig='Inside', LotFrontage=80.0, LotShape='Reg', LowQualFinSF=0, MSSubClass=20, MSZoning='RH', MasVnrArea=0.0, MasVnrType='None', MiscFeature=None, MiscVal=0, MoSold=6, Neighborhood='NAmes', OpenPorchSF=0, OverallCond=6, OverallQual=5, PavedDrive='Y', PoolArea=0, PoolQC=None, RoofMatl='CompShg', RoofStyle='Gable', SaleCondition='Normal', SaleType='WD', ScreenPorch=120, Street='Pave', TotRmsAbvGrd=5, TotalBsmtSF=882.0, Utilities='AllPub', WoodDeckSF=140, YearBuilt=1961, YearRemodAdd=1961, YrSold=2010, FirstFlrSF=896, SecondFlrSF=0, ThreeSsnPortch=0)]
2024-09-17 11:55:03.594 | INFO     | app.api:predict:47 - Prediction results: [113422.55344864173]
2024-09-17 12:00:36.129 | INFO     | app.api:predict:40 - Making prediction on inputs: [HouseDataInputSchema(Alley=None, BedroomAbvGr=2, BldgType='1Fam', BsmtCond='TA', BsmtExposure='No', BsmtFinSF1=468.0, BsmtFinSF2=144.0, BsmtFinType1='Rec', BsmtFinType2='LwQ', BsmtFullBath=0.0, BsmtHalfBath=0.0, BsmtQual='TA', BsmtUnfSF=270.0, CentralAir='Y', Condition1='Feedr', Condition2='Norm', Electrical='SBrkr', EnclosedPorch=0, ExterCond='TA', ExterQual='TA', Exterior1st='VinylSd', Exterior2nd='VinylSd', Fence='MnPrv', FireplaceQu=None, Fireplaces=0, Foundation='CBlock', FullBath=1, Functional='Typ', GarageArea=730.0, GarageCars=1.0, GarageCond='TA', GarageFinish='Unf', GarageQual='TA', GarageType='Attchd', GarageYrBlt=1961.0, GrLivArea=896, HalfBath=0, Heating='GasA', HeatingQC='TA', HouseStyle='1Story', Id=None, KitchenAbvGr=1, KitchenQual='TA', LandContour='Lvl', LandSlope='Gtl', LotArea=11622, LotConfig='Inside', LotFrontage=80.0, LotShape='Reg', LowQualFinSF=0, MSSubClass=20, MSZoning='RH', MasVnrArea=0.0, MasVnrType='None', MiscFeature=None, MiscVal=0, MoSold=6, Neighborhood='NAmes', OpenPorchSF=0, OverallCond=6, OverallQual=5, PavedDrive='Y', PoolArea=0, PoolQC=None, RoofMatl='CompShg', RoofStyle='Gable', SaleCondition='Normal', SaleType='WD', ScreenPorch=120, Street='Pave', TotRmsAbvGrd=5, TotalBsmtSF=882.0, Utilities='AllPub', WoodDeckSF=140, YearBuilt=1961, YearRemodAdd=1961, YrSold=2010, FirstFlrSF=896, SecondFlrSF=0, ThreeSsnPortch=0)]
2024-09-17 12:00:36.245 | INFO     | app.api:predict:47 - Prediction results: [113422.55344864173]
INFO:     Shutting down
INFO:     Waiting for application shutdown.
INFO:     Application shutdown complete.
INFO:     Finished server process [18416]
Traceback (most recent call last):
  File "C:\Users\tanmo\Downloads\My_Projects_in_Github\house_prices_api\app\main.py", line 58, in <module>
    uvicorn.run(app, host="localhost", port=8001, log_level="debug")
  File "C:\Users\tanmo\Downloads\My_Projects_in_Github\house_prices_api\.tox\test_app\lib\site-packages\uvicorn\main.py", line 575, in run
    server.run()
  File "C:\Users\tanmo\Downloads\My_Projects_in_Github\house_prices_api\.tox\test_app\lib\site-packages\uvicorn\server.py", line 65, in run
    return asyncio.run(self.serve(sockets=sockets))
  File "C:\Users\tanmo\AppData\Local\Programs\Python\Python39\lib\asyncio\runners.py", line 44, in run
    return loop.run_until_complete(main)
  File "C:\Users\tanmo\AppData\Local\Programs\Python\Python39\lib\asyncio\base_events.py", line 634, in run_until_complete
    self.run_forever()
  File "C:\Users\tanmo\AppData\Local\Programs\Python\Python39\lib\asyncio\windows_events.py", line 321, in run_forever
    super().run_forever()
  File "C:\Users\tanmo\AppData\Local\Programs\Python\Python39\lib\asyncio\base_events.py", line 601, in run_forever
    self._run_once()
  File "C:\Users\tanmo\AppData\Local\Programs\Python\Python39\lib\asyncio\base_events.py", line 1905, in _run_once
    handle._run()
  File "C:\Users\tanmo\AppData\Local\Programs\Python\Python39\lib\asyncio\events.py", line 80, in _run
    self._context.run(self._callback, *self._args)
  File "C:\Users\tanmo\Downloads\My_Projects_in_Github\house_prices_api\.tox\test_app\lib\site-packages\uvicorn\server.py", line 69, in serve
    await self._serve(sockets)
  File "C:\Users\tanmo\AppData\Local\Programs\Python\Python39\lib\contextlib.py", line 126, in __exit__
    next(self.gen)
  File "C:\Users\tanmo\Downloads\My_Projects_in_Github\house_prices_api\.tox\test_app\lib\site-packages\uvicorn\server.py", line 328, in capture_signals
    signal.raise_signal(captured_signal)
KeyboardInterrupt
